Arguments: 
  /usr/local/bin/node /usr/share/yarn/bin/yarn.js add @material-ui

PATH: 
  /usr/local/sbin:/usr/local/bin:/usr/sbin:/usr/bin:/root/bin:/usr/local/go/bin

Yarn version: 
  1.22.17

Node version: 
  16.13.1

Platform: 
  linux x64

Trace: 
  Error: https://registry.yarnpkg.com/@material-ui: Request "https://registry.yarnpkg.com/@material-ui" returned a 405
      at Request.params.callback [as _callback] (/usr/share/yarn/lib/cli.js:67038:18)
      at Request.self.callback (/usr/share/yarn/lib/cli.js:140883:22)
      at Request.emit (node:events:390:28)
      at Request.<anonymous> (/usr/share/yarn/lib/cli.js:141855:10)
      at Request.emit (node:events:390:28)
      at IncomingMessage.<anonymous> (/usr/share/yarn/lib/cli.js:141777:12)
      at Object.onceWrapper (node:events:509:28)
      at IncomingMessage.emit (node:events:402:35)
      at endReadableNT (node:internal/streams/readable:1343:12)
      at processTicksAndRejections (node:internal/process/task_queues:83:21)

npm manifest: 
  {
    "private": true,
    "scripts": {
      "dev": "next dev",
      "build": "next build",
      "start": "next start"
    },
    "dependencies": {
      "@material-ui/data-grid": "^4.0.0-alpha.37",
      "@mui/x-data-grid": "^5.5.0",
      "antd": "^4.18.5",
      "axios": "^0.25.0",
      "isomorphic-unfetch": "^3.1.0",
      "next": "latest",
      "react": "17.0.2",
      "react-dom": "17.0.2",
      "react-select": "^5.2.2",
      "reactstrap": "^9.0.1",
      "swr": "^1.2.1"
    },
    "devDependencies": {
      "@swc/cli": "^0.1.55",
      "@swc/core": "^1.2.135"
    }
  }

yarn manifest: 
  No manifest

Lockfile: 
  # THIS IS AN AUTOGENERATED FILE. DO NOT EDIT THIS FILE DIRECTLY.
  # yarn lockfile v1
  
  
  "@ant-design/colors@^6.0.0":
    version "6.0.0"
    resolved "https://registry.npmjs.org/@ant-design/colors/-/colors-6.0.0.tgz"
    integrity sha512-qAZRvPzfdWHtfameEGP2Qvuf838NhergR35o+EuVyB5XvSA98xod5r4utvi4TJ3ywmevm290g9nsCG5MryrdWQ==
    dependencies:
      "@ctrl/tinycolor" "^3.4.0"
  
  "@ant-design/icons-svg@^4.2.1":
    version "4.2.1"
    resolved "https://registry.npmjs.org/@ant-design/icons-svg/-/icons-svg-4.2.1.tgz"
    integrity sha512-EB0iwlKDGpG93hW8f85CTJTs4SvMX7tt5ceupvhALp1IF44SeUFOMhKUOYqpsoYWQKAOuTRDMqn75rEaKDp0Xw==
  
  "@ant-design/icons@^4.7.0":
    version "4.7.0"
    resolved "https://registry.npmjs.org/@ant-design/icons/-/icons-4.7.0.tgz"
    integrity sha512-aoB4Z7JA431rt6d4u+8xcNPPCrdufSRMUOpxa1ab6mz1JCQZOEVolj2WVs/tDFmN62zzK30mNelEsprLYsSF3g==
    dependencies:
      "@ant-design/colors" "^6.0.0"
      "@ant-design/icons-svg" "^4.2.1"
      "@babel/runtime" "^7.11.2"
      classnames "^2.2.6"
      rc-util "^5.9.4"
  
  "@ant-design/react-slick@~0.28.1":
    version "0.28.4"
    resolved "https://registry.npmjs.org/@ant-design/react-slick/-/react-slick-0.28.4.tgz"
    integrity sha512-j9eAHTn7GxbXUFNknJoHS2ceAsqrQi2j8XykjZE1IXCD8kJF+t28EvhBLniDpbOsBk/3kjalnhriTfZcjBHNqg==
    dependencies:
      "@babel/runtime" "^7.10.4"
      classnames "^2.2.5"
      json2mq "^0.2.0"
      lodash "^4.17.21"
      resize-observer-polyfill "^1.5.0"
  
  "@babel/runtime@^7.10.1", "@babel/runtime@^7.10.2", "@babel/runtime@^7.10.4", "@babel/runtime@^7.11.1", "@babel/runtime@^7.11.2", "@babel/runtime@^7.12.0", "@babel/runtime@^7.12.5", "@babel/runtime@^7.13.10", "@babel/runtime@^7.14.8", "@babel/runtime@^7.5.5", "@babel/runtime@^7.8.4", "@babel/runtime@^7.8.7":
    version "7.17.0"
    resolved "https://registry.npmjs.org/@babel/runtime/-/runtime-7.17.0.tgz"
    integrity sha512-etcO/ohMNaNA2UBdaXBBSX/3aEzFMRrVfaPv8Ptc0k+cWpWW0QFiGZ2XnVqQZI1Cf734LbPGmqBKWESfW4x/dQ==
    dependencies:
      regenerator-runtime "^0.13.4"
  
  "@babel/runtime@^7.17.0":
    version "7.17.2"
    resolved "https://registry.yarnpkg.com/@babel/runtime/-/runtime-7.17.2.tgz#66f68591605e59da47523c631416b18508779941"
    integrity sha512-hzeyJyMA1YGdJTuWU0e/j4wKXrU4OMFvY2MSlaI9B7VQb0r5cxTE3EAIS2Q7Tn2RIcDkRvTA/v2JsAEhxe99uw==
    dependencies:
      regenerator-runtime "^0.13.4"
  
  "@ctrl/tinycolor@^3.4.0":
    version "3.4.0"
    resolved "https://registry.npmjs.org/@ctrl/tinycolor/-/tinycolor-3.4.0.tgz"
    integrity sha512-JZButFdZ1+/xAfpguQHoabIXkcqRRKpMrWKBkpEZZyxfY9C1DpADFB8PEqGSTeFr135SaTRfKqGKx5xSCLI7ZQ==
  
  "@emotion/cache@^11.4.0", "@emotion/cache@^11.7.1":
    version "11.7.1"
    resolved "https://registry.npmjs.org/@emotion/cache/-/cache-11.7.1.tgz"
    integrity sha512-r65Zy4Iljb8oyjtLeCuBH8Qjiy107dOYC6SJq7g7GV5UCQWMObY4SJDPGFjiiVpPrOJ2hmJOoBiYTC7hwx9E2A==
    dependencies:
      "@emotion/memoize" "^0.7.4"
      "@emotion/sheet" "^1.1.0"
      "@emotion/utils" "^1.0.0"
      "@emotion/weak-memoize" "^0.2.5"
      stylis "4.0.13"
  
  "@emotion/hash@^0.8.0":
    version "0.8.0"
    resolved "https://registry.npmjs.org/@emotion/hash/-/hash-0.8.0.tgz"
    integrity sha512-kBJtf7PH6aWwZ6fka3zQ0p6SBYzx4fl1LoZXE2RrnYST9Xljm7WfKJrU4g/Xr3Beg72MLrp1AWNUmuYJTL7Cow==
  
  "@emotion/memoize@^0.7.4":
    version "0.7.5"
    resolved "https://registry.npmjs.org/@emotion/memoize/-/memoize-0.7.5.tgz"
    integrity sha512-igX9a37DR2ZPGYtV6suZ6whr8pTFtyHL3K/oLUotxpSVO2ASaprmAe2Dkq7tBo7CRY7MMDrAa9nuQP9/YG8FxQ==
  
  "@emotion/react@^11.1.1":
    version "11.7.1"
    resolved "https://registry.npmjs.org/@emotion/react/-/react-11.7.1.tgz"
    integrity sha512-DV2Xe3yhkF1yT4uAUoJcYL1AmrnO5SVsdfvu+fBuS7IbByDeTVx9+wFmvx9Idzv7/78+9Mgx2Hcmr7Fex3tIyw==
    dependencies:
      "@babel/runtime" "^7.13.10"
      "@emotion/cache" "^11.7.1"
      "@emotion/serialize" "^1.0.2"
      "@emotion/sheet" "^1.1.0"
      "@emotion/utils" "^1.0.0"
      "@emotion/weak-memoize" "^0.2.5"
      hoist-non-react-statics "^3.3.1"
  
  "@emotion/serialize@^1.0.2":
    version "1.0.2"
    resolved "https://registry.npmjs.org/@emotion/serialize/-/serialize-1.0.2.tgz"
    integrity sha512-95MgNJ9+/ajxU7QIAruiOAdYNjxZX7G2mhgrtDWswA21VviYIRP1R5QilZ/bDY42xiKsaktP4egJb3QdYQZi1A==
    dependencies:
      "@emotion/hash" "^0.8.0"
      "@emotion/memoize" "^0.7.4"
      "@emotion/unitless" "^0.7.5"
      "@emotion/utils" "^1.0.0"
      csstype "^3.0.2"
  
  "@emotion/sheet@^1.1.0":
    version "1.1.0"
    resolved "https://registry.npmjs.org/@emotion/sheet/-/sheet-1.1.0.tgz"
    integrity sha512-u0AX4aSo25sMAygCuQTzS+HsImZFuS8llY8O7b9MDRzbJM0kVJlAz6KNDqcG7pOuQZJmj/8X/rAW+66kMnMW+g==
  
  "@emotion/unitless@^0.7.5":
    version "0.7.5"
    resolved "https://registry.npmjs.org/@emotion/unitless/-/unitless-0.7.5.tgz"
    integrity sha512-OWORNpfjMsSSUBVrRBVGECkhWcULOAJz9ZW8uK9qgxD+87M7jHRcvh/A96XXNhXTLmKcoYSQtBEX7lHMO7YRwg==
  
  "@emotion/utils@^1.0.0":
    version "1.0.0"
    resolved "https://registry.npmjs.org/@emotion/utils/-/utils-1.0.0.tgz"
    integrity sha512-mQC2b3XLDs6QCW+pDQDiyO/EdGZYOygE8s5N5rrzjSI4M3IejPE/JPndCBwRT9z982aqQNi6beWs1UeayrQxxA==
  
  "@emotion/weak-memoize@^0.2.5":
    version "0.2.5"
    resolved "https://registry.npmjs.org/@emotion/weak-memoize/-/weak-memoize-0.2.5.tgz"
    integrity sha512-6U71C2Wp7r5XtFtQzYrW5iKFT67OixrSxjI4MptCHzdSVlgabczzqLe0ZSgnub/5Kp4hSbpDB1tMytZY9pwxxA==
  
  "@material-ui/data-grid@^4.0.0-alpha.37":
    version "4.0.0-alpha.37"
    resolved "https://registry.npmjs.org/@material-ui/data-grid/-/data-grid-4.0.0-alpha.37.tgz"
    integrity sha512-3T2AG31aad/lWLMLwn1XUP4mUf3H9YZES17dGuYByzkRLCXbBZHBTPEnCctWukajzwm+v0KGg3QpwitGoiDAjA==
    dependencies:
      "@material-ui/utils" "^5.0.0-alpha.14"
      clsx "^1.0.4"
      prop-types "^15.7.2"
      reselect "^4.0.0"
  
  "@material-ui/utils@^5.0.0-alpha.14":
    version "5.0.0-beta.5"
    resolved "https://registry.npmjs.org/@material-ui/utils/-/utils-5.0.0-beta.5.tgz"
    integrity sha512-wtJ3ovXWZdTAz5eLBqvMpYH/IBJb3qMQbGCyL1i00+sf7AUlAuv4QLx+QtX/siA6L7IpxUQVfqpoCpQH1eYRpQ==
    dependencies:
      "@babel/runtime" "^7.14.8"
      "@types/prop-types" "^15.7.4"
      "@types/react-is" "^16.7.1 || ^17.0.0"
      prop-types "^15.7.2"
      react-is "^17.0.2"
  
  "@mui/utils@^5.3.0":
    version "5.4.1"
    resolved "https://registry.yarnpkg.com/@mui/utils/-/utils-5.4.1.tgz#feb365ce9a4426587510f0943fd6d6e1889e06e6"
    integrity sha512-5HzM+ZjlQqbSp7UTOvLlhAjkWB+o9Z4NzO0W+yhZ1KnxITr+zr/MBzYmmQ3kyvhui8pyhgRDoTcVgwb+02ZUZA==
    dependencies:
      "@babel/runtime" "^7.17.0"
      "@types/prop-types" "^15.7.4"
      "@types/react-is" "^16.7.1 || ^17.0.0"
      prop-types "^15.7.2"
      react-is "^17.0.2"
  
  "@mui/x-data-grid@^5.5.0":
    version "5.5.0"
    resolved "https://registry.yarnpkg.com/@mui/x-data-grid/-/x-data-grid-5.5.0.tgz#93c15cfca67e8dabf32d73c3cc358b6ce43f7c18"
    integrity sha512-qjOAqUHDsQ1elZuvL05k6bQITI2bbCRFrYYk03Y8mz7PpbSn1KrHlMVwJQbZByl/+uWO0Md1my/UUfaVWy9Puw==
    dependencies:
      "@mui/utils" "^5.3.0"
      clsx "^1.1.1"
      prop-types "^15.8.1"
      reselect "^4.1.5"
  
  "@next/env@12.0.9":
    version "12.0.9"
    resolved "https://registry.npmjs.org/@next/env/-/env-12.0.9.tgz"
    integrity sha512-oBlkyDop0Stf7MPIzETGv5r0YT/G/weBrknoPOUTaa5qwOeGjuy6gsOVc/SBtrBkOoBmRpD+fFhQJPvmo1mS+g==
  
  "@next/swc-android-arm64@12.0.9":
    version "12.0.9"
    resolved "https://registry.yarnpkg.com/@next/swc-android-arm64/-/swc-android-arm64-12.0.9.tgz#2cdbcc1814471044ea0e057b475090d25654833c"
    integrity sha512-aVqgsEn5plmUH2X58sjzhHsH/6majucWTMaaBEs7hHO2+GCwCZc7zaLH4XCBMKPES9Yaja8/pYUbvZQE9DqgFw==
  
  "@next/swc-darwin-arm64@12.0.9":
    version "12.0.9"
    resolved "https://registry.yarnpkg.com/@next/swc-darwin-arm64/-/swc-darwin-arm64-12.0.9.tgz#ea200929d7116de12c6f3b13ff75f9522c2153e3"
    integrity sha512-uAgRKm4a2nVdyBiPPJokvmDD1saugOvxljz9ld2ih0CCg5S9vBhqaj3kPGCQBj9hSu3q+Lng2CHnQqG3ga1jzA==
  
  "@next/swc-darwin-x64@12.0.9":
    version "12.0.9"
    resolved "https://registry.yarnpkg.com/@next/swc-darwin-x64/-/swc-darwin-x64-12.0.9.tgz#32800a7a9aff4bfd2038b0bce3657ece8708a87b"
    integrity sha512-fDOs2lZIyrAdU18IxMA5orBPn9qLbOdu55gXSTNZOhyRJ8ugtbUAejsK7OL0boJy0CCHPAdVRXm01Mwk8tZ9RQ==
  
  "@next/swc-linux-arm-gnueabihf@12.0.9":
    version "12.0.9"
    resolved "https://registry.yarnpkg.com/@next/swc-linux-arm-gnueabihf/-/swc-linux-arm-gnueabihf-12.0.9.tgz#da012dfb69ad2abc3d4045395581b650048bdd7c"
    integrity sha512-/ni0p9DBvATUML9RQ1ycQuf05uOYKdzA6iI8+eRsARjpGbFVUFbge7XPzlj9g2Q9YWgoN8CSjFGnKRlyky5uHA==
  
  "@next/swc-linux-arm64-gnu@12.0.9":
    version "12.0.9"
    resolved "https://registry.yarnpkg.com/@next/swc-linux-arm64-gnu/-/swc-linux-arm64-gnu-12.0.9.tgz#fe704c0a1cb048ef19d4a24b2c990574c96c933b"
    integrity sha512-AphxilJDf95rUxJDHgM9Ww1DaYXZWqTvoKwXeej/0SgSvICcRZrLaFDrkojdXz0Rxr4igX2OdYR1S4/Hj1jWOQ==
  
  "@next/swc-linux-arm64-musl@12.0.9":
    version "12.0.9"
    resolved "https://registry.yarnpkg.com/@next/swc-linux-arm64-musl/-/swc-linux-arm64-musl-12.0.9.tgz#b2bb68940903cd64f7875979ed9907e946dc4f3e"
    integrity sha512-K5jbvNNzF3mRjWmPdxP5Bg87i7FHivfBj/L0KJlxpkLSC8sffBJDmB6jtMnI7wiPj9J6vmLkbGtSosln78xAlQ==
  
  "@next/swc-linux-x64-gnu@12.0.9":
    version "12.0.9"
    resolved "https://registry.npmjs.org/@next/swc-linux-x64-gnu/-/swc-linux-x64-gnu-12.0.9.tgz"
    integrity sha512-bJZ9bkMkQzsY+UyWezEZ77GWQ4TzwKeXdayX3U3+aEkL8k5C6eKBXlidWdrhu0teLmaUXIyWerWrLnJzwGXdfw==
  
  "@next/swc-linux-x64-musl@12.0.9":
    version "12.0.9"
    resolved "https://registry.npmjs.org/@next/swc-linux-x64-musl/-/swc-linux-x64-musl-12.0.9.tgz"
    integrity sha512-SR9p0R+v1T32DTXPVAXZw31pmJAkSDotC6Afy+mfC0xrEL3pp95R8sGXYAAUCEPkQp0MEeUOVy2LrToe92X7hQ==
  
  "@next/swc-win32-arm64-msvc@12.0.9":
    version "12.0.9"
    resolved "https://registry.yarnpkg.com/@next/swc-win32-arm64-msvc/-/swc-win32-arm64-msvc-12.0.9.tgz#f70e5bd0821ca168aeef117e51ab870265ceeeb1"
    integrity sha512-mzQ1A8vfHhJrvEy5KJZGZWEByXthyKfWofvFaf+oo/5nJl/0Bz1ODP2ajSmbLG++77Eo2AROgbm9pkW1ucvG2A==
  
  "@next/swc-win32-ia32-msvc@12.0.9":
    version "12.0.9"
    resolved "https://registry.yarnpkg.com/@next/swc-win32-ia32-msvc/-/swc-win32-ia32-msvc-12.0.9.tgz#0b853793754642cde9f9099087d4a86b6a99a24d"
    integrity sha512-MpD2vj1zjo1u3J3wiz3pEKse19Etz+P0GL6XfQkB/9a84vJQ1JWMaWBjmIdivzZv718Il2pRSSx8hymwPfguYQ==
  
  "@next/swc-win32-x64-msvc@12.0.9":
    version "12.0.9"
    resolved "https://registry.yarnpkg.com/@next/swc-win32-x64-msvc/-/swc-win32-x64-msvc-12.0.9.tgz#f7d3b59000082cf65c84fdc61930b708aa5446e5"
    integrity sha512-1c/sxp/4Qz4F6rCxiYqAnrmghCOFt5hHZ9Kd+rXFW5Mqev4C4XDOUMHdBH55HgnJZqngYhOE0r/XNkCtsIojig==
  
  "@nodelib/fs.scandir@2.1.5":
    version "2.1.5"
    resolved "https://registry.npmjs.org/@nodelib/fs.scandir/-/fs.scandir-2.1.5.tgz"
    integrity sha512-vq24Bq3ym5HEQm2NKCr3yXDwjc7vTsEThRDnkp2DK9p1uqLR+DHurm/NOTo0KG7HYHU7eppKZj3MyqYuMBf62g==
    dependencies:
      "@nodelib/fs.stat" "2.0.5"
      run-parallel "^1.1.9"
  
  "@nodelib/fs.stat@2.0.5", "@nodelib/fs.stat@^2.0.2":
    version "2.0.5"
    resolved "https://registry.npmjs.org/@nodelib/fs.stat/-/fs.stat-2.0.5.tgz"
    integrity sha512-RkhPPp2zrqDAQA/2jNhnztcPAlv64XdhIp7a7454A5ovI7Bukxgt7MX7udwAu3zg1DcpPU0rz3VV1SeaqvY4+A==
  
  "@nodelib/fs.walk@^1.2.3":
    version "1.2.8"
    resolved "https://registry.npmjs.org/@nodelib/fs.walk/-/fs.walk-1.2.8.tgz"
    integrity sha512-oGB+UxlgWcgQkgwo8GcEGwemoTFt3FIO9ababBmaGwXIoBKZ+GTy0pP185beGg7Llih/NSHSV2XAs1lnznocSg==
    dependencies:
      "@nodelib/fs.scandir" "2.1.5"
      fastq "^1.6.0"
  
  "@popperjs/core@^2.6.0":
    version "2.11.2"
    resolved "https://registry.npmjs.org/@popperjs/core/-/core-2.11.2.tgz"
    integrity sha512-92FRmppjjqz29VMJ2dn+xdyXZBrMlE42AV6Kq6BwjWV7CNUW1hs2FtxSNLQE+gJhaZ6AAmYuO9y8dshhcBl7vA==
  
  "@swc/cli@^0.1.55":
    version "0.1.55"
    resolved "https://registry.npmjs.org/@swc/cli/-/cli-0.1.55.tgz"
    integrity sha512-akkLuRexFq8XTi6JNZ27mXD4wcKXLDSLj4g7YMU+/upFM8IeD1IEp1Mxtre7MzCZn+QOQgPF8N8IReJoHuSn3g==
    dependencies:
      commander "^7.1.0"
      fast-glob "^3.2.5"
      slash "3.0.0"
      source-map "^0.7.3"
  
  "@swc/core-android-arm-eabi@1.2.135":
    version "1.2.135"
    resolved "https://registry.yarnpkg.com/@swc/core-android-arm-eabi/-/core-android-arm-eabi-1.2.135.tgz#11a53c1e55d66cc281b5de8abbe8560465e268ab"
    integrity sha512-Qx5PXLzedOVSWHIY88iTxEa6m5RONs7bDIF05mNH1qaXsOkBD52MZ+mFDW6uGZ2OnOuMjD2OY08877429atBgA==
  
  "@swc/core-android-arm64@1.2.135":
    version "1.2.135"
    resolved "https://registry.yarnpkg.com/@swc/core-android-arm64/-/core-android-arm64-1.2.135.tgz#cddcd82d45229b82c0aa4aecca83dcc1c6667d61"
    integrity sha512-XeZN9Efr44hGPOnHnrcNvdYU0Yn1UQOgR1LReS19aFJT7vWdI6Boe900V22J2K2ccJaOYqmic9BR6kRtDO7gGg==
  
  "@swc/core-darwin-arm64@1.2.135":
    version "1.2.135"
    resolved "https://registry.yarnpkg.com/@swc/core-darwin-arm64/-/core-darwin-arm64-1.2.135.tgz#1fc8b9028660374c3ef78ca862c08b1b659df72f"
    integrity sha512-2DSs8IuGbu86B+ENnJVTAtn57HU4KSw9FJTGQfA+5IWBuUHJgpANcfQ3Xp19MtolfLW+Z4Xy8HCvdFljiQONRQ==
  
  "@swc/core-darwin-x64@1.2.135":
    version "1.2.135"
    resolved "https://registry.yarnpkg.com/@swc/core-darwin-x64/-/core-darwin-x64-1.2.135.tgz#f0af5c49128d91eebd9f2428c660d8a2d066b7d0"
    integrity sha512-nS32iLbaW7g6ILlvWCZp1pwfLSndDGragsFcuw9xo6KR58KeDNdG54GQ6CwugqWiCEgzD+ZCvYmfcTjlgGJt/Q==
  
  "@swc/core-freebsd-x64@1.2.135":
    version "1.2.135"
    resolved "https://registry.yarnpkg.com/@swc/core-freebsd-x64/-/core-freebsd-x64-1.2.135.tgz#aa126c82e36ca47895fe68e2072fa93aebaa3c80"
    integrity sha512-8tM7eOFsOT7bNlx1u0GoldopMVigPM9sLzKfwdRm4doDsE/DeUXumQI2mb8JTqzHpcjYxEiFBaNy8L7wf8wAEQ==
  
  "@swc/core-linux-arm-gnueabihf@1.2.135":
    version "1.2.135"
    resolved "https://registry.yarnpkg.com/@swc/core-linux-arm-gnueabihf/-/core-linux-arm-gnueabihf-1.2.135.tgz#56cead34686a2233a36d6e546f7dd096f2c90b7a"
    integrity sha512-sppILSuR/HClz9mzZuxziAH7/QSUSgM3gSxGKlXzC8AItcBZFJ/7ygqg0TjCFFcQ+n0BdNltUIMztdv+5qwRSg==
  
  "@swc/core-linux-arm64-gnu@1.2.135":
    version "1.2.135"
    resolved "https://registry.yarnpkg.com/@swc/core-linux-arm64-gnu/-/core-linux-arm64-gnu-1.2.135.tgz#0ec99ccdda78aa7e0d018a6928691632eb84bff8"
    integrity sha512-inu6jZCHiHw+3kSvmBRGUIDLMi/XFsIyMOue3QJReOuL5BTIQJ/I1oYhLsaSGcmEZM2Mo7QJ2jDBB3SjM5YzeA==
  
  "@swc/core-linux-arm64-musl@1.2.135":
    version "1.2.135"
    resolved "https://registry.yarnpkg.com/@swc/core-linux-arm64-musl/-/core-linux-arm64-musl-1.2.135.tgz#e41cad8df03b5f8b9eeb124a2d723992061d4026"
    integrity sha512-hPGetFUhez77OUgig1XmNHZbUmpKGt72u9cN0AX5NtmFdfYYu4p6l+6YB6jg6/TrPmyJlJD5vroVz8JR/pZS+w==
  
  "@swc/core-linux-x64-gnu@1.2.135":
    version "1.2.135"
    resolved "https://registry.npmjs.org/@swc/core-linux-x64-gnu/-/core-linux-x64-gnu-1.2.135.tgz"
    integrity sha512-PTEzzMWvUaXI/sInu8oPo7yYj2WPgfl4QL3wo2OEEKwE27xFjUmKv80pXGIFD9/Xn33Xz8cA0d8yGTWYD+tOIg==
  
  "@swc/core-linux-x64-musl@1.2.135":
    version "1.2.135"
    resolved "https://registry.npmjs.org/@swc/core-linux-x64-musl/-/core-linux-x64-musl-1.2.135.tgz"
    integrity sha512-6zqf/1x1QYIhYFIPRRo5ArHIvWVWfH8fuRE6AwL1nQz/Y19SAJx3PXgwlAjtu4CZfciuUqY99PeFtTOu1Dnjhg==
  
  "@swc/core-win32-arm64-msvc@1.2.135":
    version "1.2.135"
    resolved "https://registry.yarnpkg.com/@swc/core-win32-arm64-msvc/-/core-win32-arm64-msvc-1.2.135.tgz#c65a44f48e6c48105460265a25dcebb5babe5315"
    integrity sha512-vEMQSsvYMhdT5MS0pXRNmtMxfe3Bf/TZxMeezadLcOfSdYbeshQ8t41UdVsU1xvUvRA0fmbAcipXgNmwC14ACg==
  
  "@swc/core-win32-ia32-msvc@1.2.135":
    version "1.2.135"
    resolved "https://registry.yarnpkg.com/@swc/core-win32-ia32-msvc/-/core-win32-ia32-msvc-1.2.135.tgz#cd92bb983c729f05128c9abe9b74c01467c0afe3"
    integrity sha512-w1XwAGHaFNhhDOQgwy36GB0oXKi/0DKj0mmWol263YehMQic5f+usNF9EGfgFkWf8EnRpdP/oEAXpsDfniBmww==
  
  "@swc/core-win32-x64-msvc@1.2.135":
    version "1.2.135"
    resolved "https://registry.yarnpkg.com/@swc/core-win32-x64-msvc/-/core-win32-x64-msvc-1.2.135.tgz#ff293654b5ac3715782c9e6677cf5a188bb83597"
    integrity sha512-hGSoHDbq7mGGb5gg1hTtzxXiqrhmEO02/oAVqSVTX7zsOnVSu9hBxim72R4a8/hqGaCGDIfeXmibwvhcYzrwfg==
  
  "@swc/core@^1.2.135":
    version "1.2.135"
    resolved "https://registry.npmjs.org/@swc/core/-/core-1.2.135.tgz"
    integrity sha512-YaltU0YygEo+pmy28GIEuHgTIKP5mzUXbgathdU2AoKytM+rNTP6QtJLewUgK86CZuu1nDpH42srhgXWIUWz2g==
    optionalDependencies:
      "@swc/core-android-arm-eabi" "1.2.135"
      "@swc/core-android-arm64" "1.2.135"
      "@swc/core-darwin-arm64" "1.2.135"
      "@swc/core-darwin-x64" "1.2.135"
      "@swc/core-freebsd-x64" "1.2.135"
      "@swc/core-linux-arm-gnueabihf" "1.2.135"
      "@swc/core-linux-arm64-gnu" "1.2.135"
      "@swc/core-linux-arm64-musl" "1.2.135"
      "@swc/core-linux-x64-gnu" "1.2.135"
      "@swc/core-linux-x64-musl" "1.2.135"
      "@swc/core-win32-arm64-msvc" "1.2.135"
      "@swc/core-win32-ia32-msvc" "1.2.135"
      "@swc/core-win32-x64-msvc" "1.2.135"
  
  "@types/prop-types@*", "@types/prop-types@^15.7.4":
    version "15.7.4"
    resolved "https://registry.npmjs.org/@types/prop-types/-/prop-types-15.7.4.tgz"
    integrity sha512-rZ5drC/jWjrArrS8BR6SIr4cWpW09RNTYt9AMZo3Jwwif+iacXAqgVjm0B0Bv/S1jhDXKHqRVNCbACkJ89RAnQ==
  
  "@types/react-is@^16.7.1 || ^17.0.0":
    version "17.0.3"
    resolved "https://registry.npmjs.org/@types/react-is/-/react-is-17.0.3.tgz"
    integrity sha512-aBTIWg1emtu95bLTLx0cpkxwGW3ueZv71nE2YFBpL8k/z5czEW8yYpOo8Dp+UUAFAtKwNaOsh/ioSeQnWlZcfw==
    dependencies:
      "@types/react" "*"
  
  "@types/react-transition-group@^4.4.0":
    version "4.4.4"
    resolved "https://registry.npmjs.org/@types/react-transition-group/-/react-transition-group-4.4.4.tgz"
    integrity sha512-7gAPz7anVK5xzbeQW9wFBDg7G++aPLAFY0QaSMOou9rJZpbuI58WAuJrgu+qR92l61grlnCUe7AFX8KGahAgug==
    dependencies:
      "@types/react" "*"
  
  "@types/react@*":
    version "17.0.39"
    resolved "https://registry.npmjs.org/@types/react/-/react-17.0.39.tgz"
    integrity sha512-UVavlfAxDd/AgAacMa60Azl7ygyQNRwC/DsHZmKgNvPmRR5p70AJ5Q9EAmL2NWOJmeV+vVUI4IAP7GZrN8h8Ug==
    dependencies:
      "@types/prop-types" "*"
      "@types/scheduler" "*"
      csstype "^3.0.2"
  
  "@types/scheduler@*":
    version "0.16.2"
    resolved "https://registry.npmjs.org/@types/scheduler/-/scheduler-0.16.2.tgz"
    integrity sha512-hppQEBDmlwhFAXKJX2KnWLYu5yMfi91yazPb2l+lbJiwW+wdo1gNeRA+3RgNSO39WYX2euey41KEwnqesU2Jew==
  
  antd@^4.18.5:
    version "4.18.6"
    resolved "https://registry.npmjs.org/antd/-/antd-4.18.6.tgz"
    integrity sha512-CgliJK1iFUYVER2zJsBUManwxLKhdrRVdhpYeHByglZ8w/WXmgIJ3xoSwwM0o4A/FA+gRuDa0f7kVnzPDiqdYw==
    dependencies:
      "@ant-design/colors" "^6.0.0"
      "@ant-design/icons" "^4.7.0"
      "@ant-design/react-slick" "~0.28.1"
      "@babel/runtime" "^7.12.5"
      "@ctrl/tinycolor" "^3.4.0"
      classnames "^2.2.6"
      copy-to-clipboard "^3.2.0"
      lodash "^4.17.21"
      memoize-one "^6.0.0"
      moment "^2.25.3"
      rc-cascader "~3.2.1"
      rc-checkbox "~2.3.0"
      rc-collapse "~3.1.0"
      rc-dialog "~8.6.0"
      rc-drawer "~4.4.2"
      rc-dropdown "~3.2.5"
      rc-field-form "~1.22.0-2"
      rc-image "~5.2.5"
      rc-input-number "~7.3.0"
      rc-mentions "~1.6.1"
      rc-menu "~9.2.1"
      rc-motion "^2.4.4"
      rc-notification "~4.5.7"
      rc-pagination "~3.1.9"
      rc-picker "~2.5.17"
      rc-progress "~3.2.1"
      rc-rate "~2.9.0"
      rc-resize-observer "^1.2.0"
      rc-select "~14.0.0-alpha.15"
      rc-slider "~9.7.4"
      rc-steps "~4.1.0"
      rc-switch "~3.2.0"
      rc-table "~7.22.2"
      rc-tabs "~11.10.0"
      rc-textarea "~0.3.0"
      rc-tooltip "~5.1.1"
      rc-tree "~5.4.3"
      rc-tree-select "~5.1.1"
      rc-trigger "^5.2.10"
      rc-upload "~4.3.0"
      rc-util "^5.14.0"
      scroll-into-view-if-needed "^2.2.25"
  
  array-tree-filter@^2.1.0:
    version "2.1.0"
    resolved "https://registry.npmjs.org/array-tree-filter/-/array-tree-filter-2.1.0.tgz"
    integrity sha512-4ROwICNlNw/Hqa9v+rk5h22KjmzB1JGTMVKP2AKJBOCgb0yL0ASf0+YvCcLNNwquOHNX48jkeZIJ3a+oOQqKcw==
  
  async-validator@^4.0.2:
    version "4.0.7"
    resolved "https://registry.npmjs.org/async-validator/-/async-validator-4.0.7.tgz"
    integrity sha512-Pj2IR7u8hmUEDOwB++su6baaRi+QvsgajuFB9j95foM1N2gy5HM4z60hfusIO0fBPG5uLAEl6yCJr1jNSVugEQ==
  
  axios@^0.25.0:
    version "0.25.0"
    resolved "https://registry.npmjs.org/axios/-/axios-0.25.0.tgz"
    integrity sha512-cD8FOb0tRH3uuEe6+evtAbgJtfxr7ly3fQjYcMcuPlgkwVS9xboaVIpcDV+cYQe+yGykgwZCs1pzjntcGa6l5g==
    dependencies:
      follow-redirects "^1.14.7"
  
  braces@^3.0.1:
    version "3.0.2"
    resolved "https://registry.npmjs.org/braces/-/braces-3.0.2.tgz"
    integrity sha512-b8um+L1RzM3WDSzvhm6gIz1yfTbBt6YTlcEKAvsmqCZZFw46z626lVj9j1yEPW33H5H+lBQpZMP1k8l+78Ha0A==
    dependencies:
      fill-range "^7.0.1"
  
  caniuse-lite@^1.0.30001283:
    version "1.0.30001304"
    resolved "https://registry.npmjs.org/caniuse-lite/-/caniuse-lite-1.0.30001304.tgz"
    integrity sha512-bdsfZd6K6ap87AGqSHJP/s1V+U6Z5lyrcbBu3ovbCCf8cSYpwTtGrCBObMpJqwxfTbLW6YTIdbb1jEeTelcpYQ==
  
  classnames@2.x, classnames@^2.2.1, classnames@^2.2.3, classnames@^2.2.5, classnames@^2.2.6, classnames@^2.3.1:
    version "2.3.1"
    resolved "https://registry.npmjs.org/classnames/-/classnames-2.3.1.tgz"
    integrity sha512-OlQdbZ7gLfGarSqxesMesDa5uz7KFbID8Kpq/SxIoNGDqY8lSYs0D+hhtBXhcdB3rcbXArFr7vlHheLk1voeNA==
  
  clsx@^1.0.4, clsx@^1.1.1:
    version "1.1.1"
    resolved "https://registry.npmjs.org/clsx/-/clsx-1.1.1.tgz"
    integrity sha512-6/bPho624p3S2pMyvP5kKBPXnI3ufHLObBFCfgx+LkeR5lg2XYy2hqZqUf45ypD8COn2bhgGJSUE+l5dhNBieA==
  
  commander@^7.1.0:
    version "7.2.0"
    resolved "https://registry.npmjs.org/commander/-/commander-7.2.0.tgz"
    integrity sha512-QrWXB+ZQSVPmIWIhtEO9H+gwHaMGYiF5ChvoJ+K9ZGHG/sVsa6yiesAD1GC/x46sET00Xlwo1u49RVVVzvcSkw==
  
  compute-scroll-into-view@^1.0.17:
    version "1.0.17"
    resolved "https://registry.npmjs.org/compute-scroll-into-view/-/compute-scroll-into-view-1.0.17.tgz"
    integrity sha512-j4dx+Fb0URmzbwwMUrhqWM2BEWHdFGx+qZ9qqASHRPqvTYdqvWnHg0H1hIbcyLnvgnoNAVMlwkepyqM3DaIFUg==
  
  copy-to-clipboard@^3.2.0:
    version "3.3.1"
    resolved "https://registry.npmjs.org/copy-to-clipboard/-/copy-to-clipboard-3.3.1.tgz"
    integrity sha512-i13qo6kIHTTpCm8/Wup+0b1mVWETvu2kIMzKoK8FpkLkFxlt0znUAHcMzox+T8sPlqtZXq3CulEjQHsYiGFJUw==
    dependencies:
      toggle-selection "^1.0.6"
  
  csstype@^3.0.2:
    version "3.0.10"
    resolved "https://registry.npmjs.org/csstype/-/csstype-3.0.10.tgz"
    integrity sha512-2u44ZG2OcNUO9HDp/Jl8C07x6pU/eTR3ncV91SiK3dhG9TWvRVsCoJw14Ckx5DgWkzGA3waZWO3d7pgqpUI/XA==
  
  date-fns@2.x:
    version "2.28.0"
    resolved "https://registry.npmjs.org/date-fns/-/date-fns-2.28.0.tgz"
    integrity sha512-8d35hViGYx/QH0icHYCeLmsLmMUheMmTyV9Fcm6gvNwdw31yXXH+O85sOBJ+OLnLQMKZowvpKb6FgMIQjcpvQw==
  
  dayjs@1.x:
    version "1.10.7"
    resolved "https://registry.npmjs.org/dayjs/-/dayjs-1.10.7.tgz"
    integrity sha512-P6twpd70BcPK34K26uJ1KT3wlhpuOAPoMwJzpsIWUxHZ7wpmbdZL/hQqBDfz7hGurYSa5PhzdhDHtt319hL3ig==
  
  dom-align@^1.7.0:
    version "1.12.2"
    resolved "https://registry.npmjs.org/dom-align/-/dom-align-1.12.2.tgz"
    integrity sha512-pHuazgqrsTFrGU2WLDdXxCFabkdQDx72ddkraZNih1KsMcN5qsRSTR9O4VJRlwTPCPb5COYg3LOfiMHHcPInHg==
  
  dom-helpers@^5.0.1:
    version "5.2.1"
    resolved "https://registry.npmjs.org/dom-helpers/-/dom-helpers-5.2.1.tgz"
    integrity sha512-nRCa7CK3VTrM2NmGkIy4cbK7IZlgBE/PYMn55rrXefr5xXDP0LdtfPnblFDoVdcAfslJ7or6iqAUnx0CCGIWQA==
    dependencies:
      "@babel/runtime" "^7.8.7"
      csstype "^3.0.2"
  
  fast-glob@^3.2.5:
    version "3.2.11"
    resolved "https://registry.npmjs.org/fast-glob/-/fast-glob-3.2.11.tgz"
    integrity sha512-xrO3+1bxSo3ZVHAnqzyuewYT6aMFHRAd4Kcs92MAonjwQZLsK9d0SF1IyQ3k5PoirxTW0Oe/RqFgMQ6TcNE5Ew==
    dependencies:
      "@nodelib/fs.stat" "^2.0.2"
      "@nodelib/fs.walk" "^1.2.3"
      glob-parent "^5.1.2"
      merge2 "^1.3.0"
      micromatch "^4.0.4"
  
  fastq@^1.6.0:
    version "1.13.0"
    resolved "https://registry.npmjs.org/fastq/-/fastq-1.13.0.tgz"
    integrity sha512-YpkpUnK8od0o1hmeSc7UUs/eB/vIPWJYjKck2QKIzAf71Vm1AAQ3EbuZB3g2JIy+pg+ERD0vqI79KyZiB2e2Nw==
    dependencies:
      reusify "^1.0.4"
  
  fill-range@^7.0.1:
    version "7.0.1"
    resolved "https://registry.npmjs.org/fill-range/-/fill-range-7.0.1.tgz"
    integrity sha512-qOo9F+dMUmC2Lcb4BbVvnKJxTPjCm+RRpe4gDuGrzkL7mEVl/djYSu2OdQ2Pa302N4oqkSg9ir6jaLWJ2USVpQ==
    dependencies:
      to-regex-range "^5.0.1"
  
  follow-redirects@^1.14.7:
    version "1.14.8"
    resolved "https://registry.npmjs.org/follow-redirects/-/follow-redirects-1.14.8.tgz"
    integrity sha512-1x0S9UVJHsQprFcEC/qnNzBLcIxsjAV905f/UkQxbclCsoTWlacCNOpQa/anodLl2uaEKFhfWOvM2Qg77+15zA==
  
  glob-parent@^5.1.2:
    version "5.1.2"
    resolved "https://registry.npmjs.org/glob-parent/-/glob-parent-5.1.2.tgz"
    integrity sha512-AOIgSQCepiJYwP3ARnGx+5VnTu2HBYdzbGP45eLw1vr3zB3vZLeyed1sC9hnbcOc9/SrMyM5RPQrkGz4aS9Zow==
    dependencies:
      is-glob "^4.0.1"
  
  hoist-non-react-statics@^3.3.1:
    version "3.3.2"
    resolved "https://registry.npmjs.org/hoist-non-react-statics/-/hoist-non-react-statics-3.3.2.tgz"
    integrity sha512-/gGivxi8JPKWNm/W0jSmzcMPpfpPLc3dY/6GxhX2hQ9iGj3aDfklV4ET7NjKpSinLpJ5vafa9iiGIEZg10SfBw==
    dependencies:
      react-is "^16.7.0"
  
  is-extglob@^2.1.1:
    version "2.1.1"
    resolved "https://registry.npmjs.org/is-extglob/-/is-extglob-2.1.1.tgz"
    integrity sha1-qIwCU1eR8C7TfHahueqXc8gz+MI=
  
  is-glob@^4.0.1:
    version "4.0.3"
    resolved "https://registry.npmjs.org/is-glob/-/is-glob-4.0.3.tgz"
    integrity sha512-xelSayHH36ZgE7ZWhli7pW34hNbNl8Ojv5KVmkJD4hBdD3th8Tfk9vYasLM+mXWOZhFkgZfxhLSnrwRr4elSSg==
    dependencies:
      is-extglob "^2.1.1"
  
  is-number@^7.0.0:
    version "7.0.0"
    resolved "https://registry.npmjs.org/is-number/-/is-number-7.0.0.tgz"
    integrity sha512-41Cifkg6e8TylSpdtTpeLVMqvSBEVzTttHvERD741+pnZ8ANv0004MRL43QKPDlK9cGvNp6NZWZUBlbGXYxxng==
  
  isomorphic-unfetch@^3.1.0:
    version "3.1.0"
    resolved "https://registry.npmjs.org/isomorphic-unfetch/-/isomorphic-unfetch-3.1.0.tgz"
    integrity sha512-geDJjpoZ8N0kWexiwkX8F9NkTsXhetLPVbZFQ+JTW239QNOwvB0gniuR1Wc6f0AMTn7/mFGyXvHTifrCp/GH8Q==
    dependencies:
      node-fetch "^2.6.1"
      unfetch "^4.2.0"
  
  "js-tokens@^3.0.0 || ^4.0.0":
    version "4.0.0"
    resolved "https://registry.npmjs.org/js-tokens/-/js-tokens-4.0.0.tgz"
    integrity sha512-RdJUflcE3cUzKiMqQgsCu06FPu9UdIJO0beYbPhHN4k6apgJtifcoCtT9bcxOpYBtpD2kCM6Sbzg4CausW/PKQ==
  
  json2mq@^0.2.0:
    version "0.2.0"
    resolved "https://registry.npmjs.org/json2mq/-/json2mq-0.2.0.tgz"
    integrity sha1-tje9O6nqvhIsg+lyBIOusQ0skEo=
    dependencies:
      string-convert "^0.2.0"
  
  lodash@^4.17.21:
    version "4.17.21"
    resolved "https://registry.npmjs.org/lodash/-/lodash-4.17.21.tgz"
    integrity sha512-v2kDEe57lecTulaDIuNTPy3Ry4gLGJ6Z1O3vE1krgXZNrsQ+LFTGHVxVjcXPs17LhbZVGedAJv8XZ1tvj5FvSg==
  
  loose-envify@^1.0.0, loose-envify@^1.1.0, loose-envify@^1.4.0:
    version "1.4.0"
    resolved "https://registry.npmjs.org/loose-envify/-/loose-envify-1.4.0.tgz"
    integrity sha512-lyuxPGr/Wfhrlem2CL/UcnUc1zcqKAImBDzukY7Y5F/yQiNdko6+fRLevlw1HgMySw7f611UIY408EtxRSoK3Q==
    dependencies:
      js-tokens "^3.0.0 || ^4.0.0"
  
  memoize-one@^5.0.0:
    version "5.2.1"
    resolved "https://registry.npmjs.org/memoize-one/-/memoize-one-5.2.1.tgz"
    integrity sha512-zYiwtZUcYyXKo/np96AGZAckk+FWWsUdJ3cHGGmld7+AhvcWmQyGCYUh1hc4Q/pkOhb65dQR/pqCyK0cOaHz4Q==
  
  memoize-one@^6.0.0:
    version "6.0.0"
    resolved "https://registry.npmjs.org/memoize-one/-/memoize-one-6.0.0.tgz"
    integrity sha512-rkpe71W0N0c0Xz6QD0eJETuWAJGnJ9afsl1srmwPrI+yBCkge5EycXXbYRyvL29zZVUWQCY7InPRCv3GDXuZNw==
  
  merge2@^1.3.0:
    version "1.4.1"
    resolved "https://registry.npmjs.org/merge2/-/merge2-1.4.1.tgz"
    integrity sha512-8q7VEgMJW4J8tcfVPy8g09NcQwZdbwFEqhe/WZkoIzjn/3TGDwtOCYtXGxA3O8tPzpczCCDgv+P2P5y00ZJOOg==
  
  micromatch@^4.0.4:
    version "4.0.4"
    resolved "https://registry.npmjs.org/micromatch/-/micromatch-4.0.4.tgz"
    integrity sha512-pRmzw/XUcwXGpD9aI9q/0XOwLNygjETJ8y0ao0wdqprrzDa4YnxLcz7fQRZr8voh8V10kGhABbNcHVk5wHgWwg==
    dependencies:
      braces "^3.0.1"
      picomatch "^2.2.3"
  
  moment@^2.24.0, moment@^2.25.3:
    version "2.29.1"
    resolved "https://registry.npmjs.org/moment/-/moment-2.29.1.tgz"
    integrity sha512-kHmoybcPV8Sqy59DwNDY3Jefr64lK/by/da0ViFcuA4DH0vQg5Q6Ze5VimxkfQNSC+Mls/Kx53s7TjP1RhFEDQ==
  
  nanoid@^3.1.30:
    version "3.2.0"
    resolved "https://registry.npmjs.org/nanoid/-/nanoid-3.2.0.tgz"
    integrity sha512-fmsZYa9lpn69Ad5eDn7FMcnnSR+8R34W9qJEijxYhTbfOWzr22n1QxCMzXLK+ODyW2973V3Fux959iQoUxzUIA==
  
  next@latest:
    version "12.0.9"
    resolved "https://registry.npmjs.org/next/-/next-12.0.9.tgz"
    integrity sha512-omfYqoR/DvbdOIJ6SS1unKJ4mGIxUPs0RPa7wr/Mft22OCKgJhuG+aI9KFYi5ZJBwoFQk1vqaMKpWz5qr+dN0Q==
    dependencies:
      "@next/env" "12.0.9"
      caniuse-lite "^1.0.30001283"
      postcss "8.4.5"
      styled-jsx "5.0.0"
      use-subscription "1.5.1"
    optionalDependencies:
      "@next/swc-android-arm64" "12.0.9"
      "@next/swc-darwin-arm64" "12.0.9"
      "@next/swc-darwin-x64" "12.0.9"
      "@next/swc-linux-arm-gnueabihf" "12.0.9"
      "@next/swc-linux-arm64-gnu" "12.0.9"
      "@next/swc-linux-arm64-musl" "12.0.9"
      "@next/swc-linux-x64-gnu" "12.0.9"
      "@next/swc-linux-x64-musl" "12.0.9"
      "@next/swc-win32-arm64-msvc" "12.0.9"
      "@next/swc-win32-ia32-msvc" "12.0.9"
      "@next/swc-win32-x64-msvc" "12.0.9"
  
  node-fetch@^2.6.1:
    version "2.6.7"
    resolved "https://registry.npmjs.org/node-fetch/-/node-fetch-2.6.7.tgz"
    integrity sha512-ZjMPFEfVx5j+y2yF35Kzx5sF7kDzxuDj6ziH4FFbOp87zKDZNx8yExJIb05OGF4Nlt9IHFIMBkRl41VdvcNdbQ==
    dependencies:
      whatwg-url "^5.0.0"
  
  object-assign@^4.1.1:
    version "4.1.1"
    resolved "https://registry.npmjs.org/object-assign/-/object-assign-4.1.1.tgz"
    integrity sha1-IQmtx5ZYh8/AXLvUQsrIv7s2CGM=
  
  picocolors@^1.0.0:
    version "1.0.0"
    resolved "https://registry.npmjs.org/picocolors/-/picocolors-1.0.0.tgz"
    integrity sha512-1fygroTLlHu66zi26VoTDv8yRgm0Fccecssto+MhsZ0D/DGW2sm8E8AjW7NU5VVTRt5GxbeZ5qBuJr+HyLYkjQ==
  
  picomatch@^2.2.3:
    version "2.3.1"
    resolved "https://registry.npmjs.org/picomatch/-/picomatch-2.3.1.tgz"
    integrity sha512-JU3teHTNjmE2VCGFzuY8EXzCDVwEqB2a8fsIvwaStHhAWJEeVd1o1QD80CU6+ZdEXXSLbSsuLwJjkCBWqRQUVA==
  
  postcss@8.4.5:
    version "8.4.5"
    resolved "https://registry.npmjs.org/postcss/-/postcss-8.4.5.tgz"
    integrity sha512-jBDboWM8qpaqwkMwItqTQTiFikhs/67OYVvblFFTM7MrZjt6yMKd6r2kgXizEbTTljacm4NldIlZnhbjr84QYg==
    dependencies:
      nanoid "^3.1.30"
      picocolors "^1.0.0"
      source-map-js "^1.0.1"
  
  prop-types@^15.5.8, prop-types@^15.6.0, prop-types@^15.6.2, prop-types@^15.7.2, prop-types@^15.8.1:
    version "15.8.1"
    resolved "https://registry.npmjs.org/prop-types/-/prop-types-15.8.1.tgz"
    integrity sha512-oj87CgZICdulUohogVAR7AjlC0327U4el4L6eAvOqCeudMDVU0NThNaV+b9Df4dXgSP1gXMTnPdhfe/2qDH5cg==
    dependencies:
      loose-envify "^1.4.0"
      object-assign "^4.1.1"
      react-is "^16.13.1"
  
  queue-microtask@^1.2.2:
    version "1.2.3"
    resolved "https://registry.npmjs.org/queue-microtask/-/queue-microtask-1.2.3.tgz"
    integrity sha512-NuaNSa6flKT5JaSYQzJok04JzTL1CA6aGhv5rfLW3PgqA+M2ChpZQnAC8h8i4ZFkBS8X5RqkDBHA7r4hej3K9A==
  
  rc-align@^4.0.0:
    version "4.0.11"
    resolved "https://registry.npmjs.org/rc-align/-/rc-align-4.0.11.tgz"
    integrity sha512-n9mQfIYQbbNTbefyQnRHZPWuTEwG1rY4a9yKlIWHSTbgwI+XUMGRYd0uJ5pE2UbrNX0WvnMBA1zJ3Lrecpra/A==
    dependencies:
      "@babel/runtime" "^7.10.1"
      classnames "2.x"
      dom-align "^1.7.0"
      lodash "^4.17.21"
      rc-util "^5.3.0"
      resize-observer-polyfill "^1.5.1"
  
  rc-cascader@~3.2.1:
    version "3.2.4"
    resolved "https://registry.npmjs.org/rc-cascader/-/rc-cascader-3.2.4.tgz"
    integrity sha512-QfS4YU2cd+nVozmByyAs37KNEbsUUPSnP+a4DrkeGQwoz4wgd72QG3maWTI6vmpjoMF3Z6ELWYFWjSawigjV3w==
    dependencies:
      "@babel/runtime" "^7.12.5"
      array-tree-filter "^2.1.0"
      classnames "^2.3.1"
      rc-select "~14.0.0-alpha.23"
      rc-tree "~5.4.3"
      rc-util "^5.6.1"
  
  rc-checkbox@~2.3.0:
    version "2.3.2"
    resolved "https://registry.npmjs.org/rc-checkbox/-/rc-checkbox-2.3.2.tgz"
    integrity sha512-afVi1FYiGv1U0JlpNH/UaEXdh6WUJjcWokj/nUN2TgG80bfG+MDdbfHKlLcNNba94mbjy2/SXJ1HDgrOkXGAjg==
    dependencies:
      "@babel/runtime" "^7.10.1"
      classnames "^2.2.1"
  
  rc-collapse@~3.1.0:
    version "3.1.2"
    resolved "https://registry.npmjs.org/rc-collapse/-/rc-collapse-3.1.2.tgz"
    integrity sha512-HujcKq7mghk/gVKeI6EjzTbb8e19XUZpakrYazu1MblEZ3Hu3WBMSN4A3QmvbF6n1g7x6lUlZvsHZ5shABWYOQ==
    dependencies:
      "@babel/runtime" "^7.10.1"
      classnames "2.x"
      rc-motion "^2.3.4"
      rc-util "^5.2.1"
      shallowequal "^1.1.0"
  
  rc-dialog@~8.6.0:
    version "8.6.0"
    resolved "https://registry.npmjs.org/rc-dialog/-/rc-dialog-8.6.0.tgz"
    integrity sha512-GSbkfqjqxpZC5/zc+8H332+q5l/DKUhpQr0vdX2uDsxo5K0PhvaMEVjyoJUTkZ3+JstEADQji1PVLVb/2bJeOQ==
    dependencies:
      "@babel/runtime" "^7.10.1"
      classnames "^2.2.6"
      rc-motion "^2.3.0"
      rc-util "^5.6.1"
  
  rc-drawer@~4.4.2:
    version "4.4.3"
    resolved "https://registry.npmjs.org/rc-drawer/-/rc-drawer-4.4.3.tgz"
    integrity sha512-FYztwRs3uXnFOIf1hLvFxIQP9MiZJA+0w+Os8dfDh/90X7z/HqP/Yg+noLCIeHEbKln1Tqelv8ymCAN24zPcfQ==
    dependencies:
      "@babel/runtime" "^7.10.1"
      classnames "^2.2.6"
      rc-util "^5.7.0"
  
  rc-dropdown@^3.2.0, rc-dropdown@~3.2.5:
    version "3.2.5"
    resolved "https://registry.npmjs.org/rc-dropdown/-/rc-dropdown-3.2.5.tgz"
    integrity sha512-dVO2eulOSbEf+F4OyhCY5iGiMVhUYY/qeXxL7Ex2jDBt/xc89jU07mNoowV6aWxwVOc70pxEINff0oM2ogjluA==
    dependencies:
      "@babel/runtime" "^7.10.1"
      classnames "^2.2.6"
      rc-trigger "^5.0.4"
  
  rc-field-form@~1.22.0-2:
    version "1.22.1"
    resolved "https://registry.npmjs.org/rc-field-form/-/rc-field-form-1.22.1.tgz"
    integrity sha512-LweU7nBeqmC5r3HDUjRprcOXXobHXp/TGIxD7ppBq5FX6Iptt3ibdpRVg4RSyNulBNGHOuknHlRcguuIpvVMVg==
    dependencies:
      "@babel/runtime" "^7.8.4"
      async-validator "^4.0.2"
      rc-util "^5.8.0"
  
  rc-image@~5.2.5:
    version "5.2.5"
    resolved "https://registry.npmjs.org/rc-image/-/rc-image-5.2.5.tgz"
    integrity sha512-qUfZjYIODxO0c8a8P5GeuclYXZjzW4hV/5hyo27XqSFo1DmTCs2HkVeQObkcIk5kNsJtgsj1KoPThVsSc/PXOw==
    dependencies:
      "@babel/runtime" "^7.11.2"
      classnames "^2.2.6"
      rc-dialog "~8.6.0"
      rc-util "^5.0.6"
  
  rc-input-number@~7.3.0:
    version "7.3.4"
    resolved "https://registry.npmjs.org/rc-input-number/-/rc-input-number-7.3.4.tgz"
    integrity sha512-W9uqSzuvJUnz8H8vsVY4kx+yK51SsAxNTwr8SNH4G3XqQNocLVmKIibKFRjocnYX1RDHMND9FFbgj2h7E7nvGA==
    dependencies:
      "@babel/runtime" "^7.10.1"
      classnames "^2.2.5"
      rc-util "^5.9.8"
  
  rc-mentions@~1.6.1:
    version "1.6.1"
    resolved "https://registry.npmjs.org/rc-mentions/-/rc-mentions-1.6.1.tgz"
    integrity sha512-LDzGI8jJVGnkhpTZxZuYBhMz3avcZZqPGejikchh97xPni/g4ht714Flh7DVvuzHQ+BoKHhIjobHnw1rcP8erg==
    dependencies:
      "@babel/runtime" "^7.10.1"
      classnames "^2.2.6"
      rc-menu "^9.0.0"
      rc-textarea "^0.3.0"
      rc-trigger "^5.0.4"
      rc-util "^5.0.1"
  
  rc-menu@^9.0.0, rc-menu@~9.2.1:
    version "9.2.1"
    resolved "https://registry.npmjs.org/rc-menu/-/rc-menu-9.2.1.tgz"
    integrity sha512-UbEtn3rflJ8zS+etYGTVQuzy7Fm+yWXR5c0Rl6ecNTS/dPknRyWAyhJcbeR0Hu1+RdQT+0VCqrUPrgKnm4iY+w==
    dependencies:
      "@babel/runtime" "^7.10.1"
      classnames "2.x"
      rc-motion "^2.4.3"
      rc-overflow "^1.2.0"
      rc-trigger "^5.1.2"
      rc-util "^5.12.0"
      shallowequal "^1.1.0"
  
  rc-motion@^2.0.0, rc-motion@^2.0.1, rc-motion@^2.2.0, rc-motion@^2.3.0, rc-motion@^2.3.4, rc-motion@^2.4.3, rc-motion@^2.4.4:
    version "2.4.4"
    resolved "https://registry.npmjs.org/rc-motion/-/rc-motion-2.4.4.tgz"
    integrity sha512-ms7n1+/TZQBS0Ydd2Q5P4+wJTSOrhIrwNxLXCZpR7Fa3/oac7Yi803HDALc2hLAKaCTQtw9LmQeB58zcwOsqlQ==
    dependencies:
      "@babel/runtime" "^7.11.1"
      classnames "^2.2.1"
      rc-util "^5.2.1"
  
  rc-notification@~4.5.7:
    version "4.5.7"
    resolved "https://registry.npmjs.org/rc-notification/-/rc-notification-4.5.7.tgz"
    integrity sha512-zhTGUjBIItbx96SiRu3KVURcLOydLUHZCPpYEn1zvh+re//Tnq/wSxN4FKgp38n4HOgHSVxcLEeSxBMTeBBDdw==
    dependencies:
      "@babel/runtime" "^7.10.1"
      classnames "2.x"
      rc-motion "^2.2.0"
      rc-util "^5.0.1"
  
  rc-overflow@^1.0.0, rc-overflow@^1.2.0:
    version "1.2.2"
    resolved "https://registry.npmjs.org/rc-overflow/-/rc-overflow-1.2.2.tgz"
    integrity sha512-X5kj9LDU1ue5wHkqvCprJWLKC+ZLs3p4He/oxjZ1Q4NKaqKBaYf5OdSzRSgh3WH8kSdrfU8LjvlbWnHgJOEkNQ==
    dependencies:
      "@babel/runtime" "^7.11.1"
      classnames "^2.2.1"
      rc-resize-observer "^1.0.0"
      rc-util "^5.5.1"
  
  rc-pagination@~3.1.9:
    version "3.1.15"
    resolved "https://registry.npmjs.org/rc-pagination/-/rc-pagination-3.1.15.tgz"
    integrity sha512-4L3fot8g4E+PjWEgoVGX0noFCg+8ZFZmeLH4vsnZpB3O2T2zThtakjNxG+YvSaYtyMVT4B+GLayjKrKbXQpdAg==
    dependencies:
      "@babel/runtime" "^7.10.1"
      classnames "^2.2.1"
  
  rc-picker@~2.5.17:
    version "2.5.19"
    resolved "https://registry.npmjs.org/rc-picker/-/rc-picker-2.5.19.tgz"
    integrity sha512-u6myoCu/qiQ0vLbNzSzNrzTQhs7mldArCpPHrEI6OUiifs+IPXmbesqSm0zilJjfzrZJLgYeyyOMSznSlh0GKA==
    dependencies:
      "@babel/runtime" "^7.10.1"
      classnames "^2.2.1"
      date-fns "2.x"
      dayjs "1.x"
      moment "^2.24.0"
      rc-trigger "^5.0.4"
      rc-util "^5.4.0"
      shallowequal "^1.1.0"
  
  rc-progress@~3.2.1:
    version "3.2.4"
    resolved "https://registry.npmjs.org/rc-progress/-/rc-progress-3.2.4.tgz"
    integrity sha512-M9WWutRaoVkPUPIrTpRIDpX0SPSrVHzxHdCRCbeoBFrd9UFWTYNWRlHsruJM5FH1AZI+BwB4wOJUNNylg/uFSw==
    dependencies:
      "@babel/runtime" "^7.10.1"
      classnames "^2.2.6"
      rc-util "^5.16.1"
  
  rc-rate@~2.9.0:
    version "2.9.1"
    resolved "https://registry.npmjs.org/rc-rate/-/rc-rate-2.9.1.tgz"
    integrity sha512-MmIU7FT8W4LYRRHJD1sgG366qKtSaKb67D0/vVvJYR0lrCuRrCiVQ5qhfT5ghVO4wuVIORGpZs7ZKaYu+KMUzA==
    dependencies:
      "@babel/runtime" "^7.10.1"
      classnames "^2.2.5"
      rc-util "^5.0.1"
  
  rc-resize-observer@^1.0.0, rc-resize-observer@^1.1.0, rc-resize-observer@^1.2.0:
    version "1.2.0"
    resolved "https://registry.npmjs.org/rc-resize-observer/-/rc-resize-observer-1.2.0.tgz"
    integrity sha512-6W+UzT3PyDM0wVCEHfoW3qTHPTvbdSgiA43buiy8PzmeMnfgnDeb9NjdimMXMl3/TcrvvWl5RRVdp+NqcR47pQ==
    dependencies:
      "@babel/runtime" "^7.10.1"
      classnames "^2.2.1"
      rc-util "^5.15.0"
      resize-observer-polyfill "^1.5.1"
  
  rc-select@~14.0.0-alpha.15, rc-select@~14.0.0-alpha.23, rc-select@~14.0.0-alpha.8:
    version "14.0.0-alpha.25"
    resolved "https://registry.npmjs.org/rc-select/-/rc-select-14.0.0-alpha.25.tgz"
    integrity sha512-U9AMzXsOCCdtn96YIZdUrYbxk+5u6uWUCaYH2129X3FTjQITqAjEPYHfPcxU/G7+lwiD0pIaU95W0NMkg+26qw==
    dependencies:
      "@babel/runtime" "^7.10.1"
      classnames "2.x"
      rc-motion "^2.0.1"
      rc-overflow "^1.0.0"
      rc-trigger "^5.0.4"
      rc-util "^5.16.1"
      rc-virtual-list "^3.2.0"
  
  rc-slider@~9.7.4:
    version "9.7.5"
    resolved "https://registry.npmjs.org/rc-slider/-/rc-slider-9.7.5.tgz"
    integrity sha512-LV/MWcXFjco1epPbdw1JlLXlTgmWpB9/Y/P2yinf8Pg3wElHxA9uajN21lJiWtZjf5SCUekfSP6QMJfDo4t1hg==
    dependencies:
      "@babel/runtime" "^7.10.1"
      classnames "^2.2.5"
      rc-tooltip "^5.0.1"
      rc-util "^5.16.1"
      shallowequal "^1.1.0"
  
  rc-steps@~4.1.0:
    version "4.1.4"
    resolved "https://registry.npmjs.org/rc-steps/-/rc-steps-4.1.4.tgz"
    integrity sha512-qoCqKZWSpkh/b03ASGx1WhpKnuZcRWmvuW+ZUu4mvMdfvFzVxblTwUM+9aBd0mlEUFmt6GW8FXhMpHkK3Uzp3w==
    dependencies:
      "@babel/runtime" "^7.10.2"
      classnames "^2.2.3"
      rc-util "^5.0.1"
  
  rc-switch@~3.2.0:
    version "3.2.2"
    resolved "https://registry.npmjs.org/rc-switch/-/rc-switch-3.2.2.tgz"
    integrity sha512-+gUJClsZZzvAHGy1vZfnwySxj+MjLlGRyXKXScrtCTcmiYNPzxDFOxdQ/3pK1Kt/0POvwJ/6ALOR8gwdXGhs+A==
    dependencies:
      "@babel/runtime" "^7.10.1"
      classnames "^2.2.1"
      rc-util "^5.0.1"
  
  rc-table@~7.22.2:
    version "7.22.2"
    resolved "https://registry.npmjs.org/rc-table/-/rc-table-7.22.2.tgz"
    integrity sha512-Ng2gNkGi6ybl6dzneRn2H4Gp8XhIbRa5rXQ7ZhZcgWVmfVMok70UHGPXcf68tXW6O0/qckTf/eOVsoviSvK4sw==
    dependencies:
      "@babel/runtime" "^7.10.1"
      classnames "^2.2.5"
      rc-resize-observer "^1.1.0"
      rc-util "^5.14.0"
      shallowequal "^1.1.0"
  
  rc-tabs@~11.10.0:
    version "11.10.5"
    resolved "https://registry.npmjs.org/rc-tabs/-/rc-tabs-11.10.5.tgz"
    integrity sha512-DDuUdV6b9zGRYLtjI5hyejWLKoz1QiLWNgMeBzc3aMeQylZFhTYnFGdDc6HRqj5IYearNTsFPVSA+6VIT8g5cg==
    dependencies:
      "@babel/runtime" "^7.11.2"
      classnames "2.x"
      rc-dropdown "^3.2.0"
      rc-menu "^9.0.0"
      rc-resize-observer "^1.0.0"
      rc-util "^5.5.0"
  
  rc-textarea@^0.3.0, rc-textarea@~0.3.0:
    version "0.3.7"
    resolved "https://registry.npmjs.org/rc-textarea/-/rc-textarea-0.3.7.tgz"
    integrity sha512-yCdZ6binKmAQB13hc/oehh0E/QRwoPP1pjF21aHBxlgXO3RzPF6dUu4LG2R4FZ1zx/fQd2L1faktulrXOM/2rw==
    dependencies:
      "@babel/runtime" "^7.10.1"
      classnames "^2.2.1"
      rc-resize-observer "^1.0.0"
      rc-util "^5.7.0"
      shallowequal "^1.1.0"
  
  rc-tooltip@^5.0.1, rc-tooltip@~5.1.1:
    version "5.1.1"
    resolved "https://registry.npmjs.org/rc-tooltip/-/rc-tooltip-5.1.1.tgz"
    integrity sha512-alt8eGMJulio6+4/uDm7nvV+rJq9bsfxFDCI0ljPdbuoygUscbsMYb6EQgwib/uqsXQUvzk+S7A59uYHmEgmDA==
    dependencies:
      "@babel/runtime" "^7.11.2"
      rc-trigger "^5.0.0"
  
  rc-tree-select@~5.1.1:
    version "5.1.2"
    resolved "https://registry.npmjs.org/rc-tree-select/-/rc-tree-select-5.1.2.tgz"
    integrity sha512-sTulyQZB1SgF2HzAR49i4vjMNvV/tfPxCTc+qNuWOwaAtSm2bwGH6/wfi3k3Dw2/5PPOGpRRpgCMltoP9aG0+w==
    dependencies:
      "@babel/runtime" "^7.10.1"
      classnames "2.x"
      rc-select "~14.0.0-alpha.8"
      rc-tree "~5.4.3"
      rc-util "^5.16.1"
  
  rc-tree@~5.4.3:
    version "5.4.3"
    resolved "https://registry.npmjs.org/rc-tree/-/rc-tree-5.4.3.tgz"
    integrity sha512-WAHV8FkBerulj9J/+61+Qn0TD/Zo37PrDG8/45WomzGTYavxFMur9YguKjQj/J+NxjVJzrJL3lvdSZsumfdbiA==
    dependencies:
      "@babel/runtime" "^7.10.1"
      classnames "2.x"
      rc-motion "^2.0.1"
      rc-util "^5.16.1"
      rc-virtual-list "^3.4.1"
  
  rc-trigger@^5.0.0, rc-trigger@^5.0.4, rc-trigger@^5.1.2, rc-trigger@^5.2.10:
    version "5.2.10"
    resolved "https://registry.npmjs.org/rc-trigger/-/rc-trigger-5.2.10.tgz"
    integrity sha512-FkUf4H9BOFDaIwu42fvRycXMAvkttph9AlbCZXssZDVzz2L+QZ0ERvfB/4nX3ZFPh1Zd+uVGr1DEDeXxq4J1TA==
    dependencies:
      "@babel/runtime" "^7.11.2"
      classnames "^2.2.6"
      rc-align "^4.0.0"
      rc-motion "^2.0.0"
      rc-util "^5.5.0"
  
  rc-upload@~4.3.0:
    version "4.3.3"
    resolved "https://registry.npmjs.org/rc-upload/-/rc-upload-4.3.3.tgz"
    integrity sha512-YoJ0phCRenMj1nzwalXzciKZ9/FAaCrFu84dS5pphwucTC8GUWClcDID/WWNGsLFcM97NqIboDqrV82rVRhW/w==
    dependencies:
      "@babel/runtime" "^7.10.1"
      classnames "^2.2.5"
      rc-util "^5.2.0"
  
  rc-util@^5.0.1, rc-util@^5.0.6, rc-util@^5.0.7, rc-util@^5.12.0, rc-util@^5.14.0, rc-util@^5.15.0, rc-util@^5.16.1, rc-util@^5.2.0, rc-util@^5.2.1, rc-util@^5.3.0, rc-util@^5.4.0, rc-util@^5.5.0, rc-util@^5.5.1, rc-util@^5.6.1, rc-util@^5.7.0, rc-util@^5.8.0, rc-util@^5.9.4, rc-util@^5.9.8:
    version "5.17.0"
    resolved "https://registry.npmjs.org/rc-util/-/rc-util-5.17.0.tgz"
    integrity sha512-HWuTIKzBeZQQ7IBqdokE0wMp/xx39/KfUJ0gcquBigoldDCrf3YBcWFHrrQlJG7sI82Wg8mwp1uAKV3zMGfAgg==
    dependencies:
      "@babel/runtime" "^7.12.5"
      react-is "^16.12.0"
      shallowequal "^1.1.0"
  
  rc-virtual-list@^3.2.0, rc-virtual-list@^3.4.1:
    version "3.4.2"
    resolved "https://registry.npmjs.org/rc-virtual-list/-/rc-virtual-list-3.4.2.tgz"
    integrity sha512-OyVrrPvvFcHvV0ssz5EDZ+7Rf5qLat/+mmujjchNw5FfbJWNDwkpQ99EcVE6+FtNRmX9wFa1LGNpZLUTvp/4GQ==
    dependencies:
      classnames "^2.2.6"
      rc-resize-observer "^1.0.0"
      rc-util "^5.0.7"
  
  react-dom@17.0.2:
    version "17.0.2"
    resolved "https://registry.npmjs.org/react-dom/-/react-dom-17.0.2.tgz"
    integrity sha512-s4h96KtLDUQlsENhMn1ar8t2bEa+q/YAtj8pPPdIjPDGBDIVNsrD9aXNWqspUe6AzKCIG0C1HZZLqLV7qpOBGA==
    dependencies:
      loose-envify "^1.1.0"
      object-assign "^4.1.1"
      scheduler "^0.20.2"
  
  react-fast-compare@^3.0.1:
    version "3.2.0"
    resolved "https://registry.npmjs.org/react-fast-compare/-/react-fast-compare-3.2.0.tgz"
    integrity sha512-rtGImPZ0YyLrscKI9xTpV8psd6I8VAtjKCzQDlzyDvqJA8XOW78TXYQwNRNd8g8JZnDu8q9Fu/1v4HPAVwVdHA==
  
  react-is@^16.12.0, react-is@^16.13.1, react-is@^16.7.0:
    version "16.13.1"
    resolved "https://registry.npmjs.org/react-is/-/react-is-16.13.1.tgz"
    integrity sha512-24e6ynE2H+OKt4kqsOvNd8kBpV65zoxbA4BVsEOB3ARVWQki/DHzaUoC5KuON/BiccDaCCTZBuOcfZs70kR8bQ==
  
  react-is@^17.0.2:
    version "17.0.2"
    resolved "https://registry.npmjs.org/react-is/-/react-is-17.0.2.tgz"
    integrity sha512-w2GsyukL62IJnlaff/nRegPQR94C/XXamvMWmSHRJ4y7Ts/4ocGRmTHvOs8PSE6pB3dWOrD/nueuU5sduBsQ4w==
  
  react-popper@^2.2.4:
    version "2.2.5"
    resolved "https://registry.npmjs.org/react-popper/-/react-popper-2.2.5.tgz"
    integrity sha512-kxGkS80eQGtLl18+uig1UIf9MKixFSyPxglsgLBxlYnyDf65BiY9B3nZSc6C9XUNDgStROB0fMQlTEz1KxGddw==
    dependencies:
      react-fast-compare "^3.0.1"
      warning "^4.0.2"
  
  react-select@^5.2.2:
    version "5.2.2"
    resolved "https://registry.npmjs.org/react-select/-/react-select-5.2.2.tgz"
    integrity sha512-miGS2rT1XbFNjduMZT+V73xbJEeMzVkJOz727F6MeAr2hKE0uUSA8Ff7vD44H32x2PD3SRB6OXTY/L+fTV3z9w==
    dependencies:
      "@babel/runtime" "^7.12.0"
      "@emotion/cache" "^11.4.0"
      "@emotion/react" "^11.1.1"
      "@types/react-transition-group" "^4.4.0"
      memoize-one "^5.0.0"
      prop-types "^15.6.0"
      react-transition-group "^4.3.0"
  
  react-transition-group@^4.3.0, react-transition-group@^4.4.2:
    version "4.4.2"
    resolved "https://registry.npmjs.org/react-transition-group/-/react-transition-group-4.4.2.tgz"
    integrity sha512-/RNYfRAMlZwDSr6z4zNKV6xu53/e2BuaBbGhbyYIXTrmgu/bGHzmqOs7mJSJBHy9Ud+ApHx3QjrkKSp1pxvlFg==
    dependencies:
      "@babel/runtime" "^7.5.5"
      dom-helpers "^5.0.1"
      loose-envify "^1.4.0"
      prop-types "^15.6.2"
  
  react@17.0.2:
    version "17.0.2"
    resolved "https://registry.npmjs.org/react/-/react-17.0.2.tgz"
    integrity sha512-gnhPt75i/dq/z3/6q/0asP78D0u592D5L1pd7M8P+dck6Fu/jJeL6iVVK23fptSUZj8Vjf++7wXA8UNclGQcbA==
    dependencies:
      loose-envify "^1.1.0"
      object-assign "^4.1.1"
  
  reactstrap@^9.0.1:
    version "9.0.1"
    resolved "https://registry.npmjs.org/reactstrap/-/reactstrap-9.0.1.tgz"
    integrity sha512-89VOv7SRlAlpS7RwXhzOQkSWkuhBR8LBsPGfNHifNL3WhtNP9y1sBdTcTYyH1ee2QtI8zRdwD0T5I/blHiwemg==
    dependencies:
      "@babel/runtime" "^7.12.5"
      "@popperjs/core" "^2.6.0"
      classnames "^2.2.3"
      prop-types "^15.5.8"
      react-popper "^2.2.4"
      react-transition-group "^4.4.2"
  
  regenerator-runtime@^0.13.4:
    version "0.13.9"
    resolved "https://registry.npmjs.org/regenerator-runtime/-/regenerator-runtime-0.13.9.tgz"
    integrity sha512-p3VT+cOEgxFsRRA9X4lkI1E+k2/CtnKtU4gcxyaCUreilL/vqI6CdZ3wxVUx3UOUg+gnUOQQcRI7BmSI656MYA==
  
  reselect@^4.0.0, reselect@^4.1.5:
    version "4.1.5"
    resolved "https://registry.npmjs.org/reselect/-/reselect-4.1.5.tgz"
    integrity sha512-uVdlz8J7OO+ASpBYoz1Zypgx0KasCY20H+N8JD13oUMtPvSHQuscrHop4KbXrbsBcdB9Ds7lVK7eRkBIfO43vQ==
  
  resize-observer-polyfill@^1.5.0, resize-observer-polyfill@^1.5.1:
    version "1.5.1"
    resolved "https://registry.npmjs.org/resize-observer-polyfill/-/resize-observer-polyfill-1.5.1.tgz"
    integrity sha512-LwZrotdHOo12nQuZlHEmtuXdqGoOD0OhaxopaNFxWzInpEgaLWoVuAMbTzixuosCx2nEG58ngzW3vxdWoxIgdg==
  
  reusify@^1.0.4:
    version "1.0.4"
    resolved "https://registry.npmjs.org/reusify/-/reusify-1.0.4.tgz"
    integrity sha512-U9nH88a3fc/ekCF1l0/UP1IosiuIjyTh7hBvXVMHYgVcfGvt897Xguj2UOLDeI5BG2m7/uwyaLVT6fbtCwTyzw==
  
  run-parallel@^1.1.9:
    version "1.2.0"
    resolved "https://registry.npmjs.org/run-parallel/-/run-parallel-1.2.0.tgz"
    integrity sha512-5l4VyZR86LZ/lDxZTR6jqL8AFE2S0IFLMP26AbjsLVADxHdhB/c0GUsH+y39UfCi3dzz8OlQuPmnaJOMoDHQBA==
    dependencies:
      queue-microtask "^1.2.2"
  
  scheduler@^0.20.2:
    version "0.20.2"
    resolved "https://registry.npmjs.org/scheduler/-/scheduler-0.20.2.tgz"
    integrity sha512-2eWfGgAqqWFGqtdMmcL5zCMK1U8KlXv8SQFGglL3CEtd0aDVDWgeF/YoCmvln55m5zSk3J/20hTaSBeSObsQDQ==
    dependencies:
      loose-envify "^1.1.0"
      object-assign "^4.1.1"
  
  scroll-into-view-if-needed@^2.2.25:
    version "2.2.29"
    resolved "https://registry.npmjs.org/scroll-into-view-if-needed/-/scroll-into-view-if-needed-2.2.29.tgz"
    integrity sha512-hxpAR6AN+Gh53AdAimHM6C8oTN1ppwVZITihix+WqalywBeFcQ6LdQP5ABNl26nX8GTEL7VT+b8lKpdqq65wXg==
    dependencies:
      compute-scroll-into-view "^1.0.17"
  
  shallowequal@^1.1.0:
    version "1.1.0"
    resolved "https://registry.npmjs.org/shallowequal/-/shallowequal-1.1.0.tgz"
    integrity sha512-y0m1JoUZSlPAjXVtPPW70aZWfIL/dSP7AFkRnniLCrK/8MDKog3TySTBmckD+RObVxH0v4Tox67+F14PdED2oQ==
  
  slash@3.0.0:
    version "3.0.0"
    resolved "https://registry.npmjs.org/slash/-/slash-3.0.0.tgz"
    integrity sha512-g9Q1haeby36OSStwb4ntCGGGaKsaVSjQ68fBxoQcutl5fS1vuY18H3wSt3jFyFtrkx+Kz0V1G85A4MyAdDMi2Q==
  
  source-map-js@^1.0.1:
    version "1.0.2"
    resolved "https://registry.npmjs.org/source-map-js/-/source-map-js-1.0.2.tgz"
    integrity sha512-R0XvVJ9WusLiqTCEiGCmICCMplcCkIwwR11mOSD9CR5u+IXYdiseeEuXCVAjS54zqwkLcPNnmU4OeJ6tUrWhDw==
  
  source-map@^0.7.3:
    version "0.7.3"
    resolved "https://registry.npmjs.org/source-map/-/source-map-0.7.3.tgz"
    integrity sha512-CkCj6giN3S+n9qrYiBTX5gystlENnRW5jZeNLHpe6aue+SrHcG5VYwujhW9s4dY31mEGsxBDrHR6oI69fTXsaQ==
  
  string-convert@^0.2.0:
    version "0.2.1"
    resolved "https://registry.npmjs.org/string-convert/-/string-convert-0.2.1.tgz"
    integrity sha1-aYLMMEn7tM2F+LJFaLnZvznu/5c=
  
  styled-jsx@5.0.0:
    version "5.0.0"
    resolved "https://registry.npmjs.org/styled-jsx/-/styled-jsx-5.0.0.tgz"
    integrity sha512-qUqsWoBquEdERe10EW8vLp3jT25s/ssG1/qX5gZ4wu15OZpmSMFI2v+fWlRhLfykA5rFtlJ1ME8A8pm/peV4WA==
  
  stylis@4.0.13:
    version "4.0.13"
    resolved "https://registry.npmjs.org/stylis/-/stylis-4.0.13.tgz"
    integrity sha512-xGPXiFVl4YED9Jh7Euv2V220mriG9u4B2TA6Ybjc1catrstKD2PpIdU3U0RKpkVBC2EhmL/F0sPCr9vrFTNRag==
  
  swr@^1.2.1:
    version "1.2.1"
    resolved "https://registry.npmjs.org/swr/-/swr-1.2.1.tgz"
    integrity sha512-1cuWXqJqXcFwbgONGCY4PHZ8v05009JdHsC3CIC6u7d00kgbMswNr1sHnnhseOBxtzVqcCNpOHEgVDciRer45w==
  
  to-regex-range@^5.0.1:
    version "5.0.1"
    resolved "https://registry.npmjs.org/to-regex-range/-/to-regex-range-5.0.1.tgz"
    integrity sha512-65P7iz6X5yEr1cwcgvQxbbIw7Uk3gOy5dIdtZ4rDveLqhrdJP+Li/Hx6tyK0NEb+2GCyneCMJiGqrADCSNk8sQ==
    dependencies:
      is-number "^7.0.0"
  
  toggle-selection@^1.0.6:
    version "1.0.6"
    resolved "https://registry.npmjs.org/toggle-selection/-/toggle-selection-1.0.6.tgz"
    integrity sha1-bkWxJj8gF/oKzH2J14sVuL932jI=
  
  tr46@~0.0.3:
    version "0.0.3"
    resolved "https://registry.npmjs.org/tr46/-/tr46-0.0.3.tgz"
    integrity sha1-gYT9NH2snNwYWZLzpmIuFLnZq2o=
  
  unfetch@^4.2.0:
    version "4.2.0"
    resolved "https://registry.npmjs.org/unfetch/-/unfetch-4.2.0.tgz"
    integrity sha512-F9p7yYCn6cIW9El1zi0HI6vqpeIvBsr3dSuRO6Xuppb1u5rXpCPmMvLSyECLhybr9isec8Ohl0hPekMVrEinDA==
  
  use-subscription@1.5.1:
    version "1.5.1"
    resolved "https://registry.npmjs.org/use-subscription/-/use-subscription-1.5.1.tgz"
    integrity sha512-Xv2a1P/yReAjAbhylMfFplFKj9GssgTwN7RlcTxBujFQcloStWNDQdc4g4NRWH9xS4i/FDk04vQBptAXoF3VcA==
    dependencies:
      object-assign "^4.1.1"
  
  warning@^4.0.2:
    version "4.0.3"
    resolved "https://registry.npmjs.org/warning/-/warning-4.0.3.tgz"
    integrity sha512-rpJyN222KWIvHJ/F53XSZv0Zl/accqHR8et1kpaMTD/fLCRxtV8iX8czMzY7sVZupTI3zcUTg8eycS2kNF9l6w==
    dependencies:
      loose-envify "^1.0.0"
  
  webidl-conversions@^3.0.0:
    version "3.0.1"
    resolved "https://registry.npmjs.org/webidl-conversions/-/webidl-conversions-3.0.1.tgz"
    integrity sha1-JFNCdeKnvGvnvIZhHMFq4KVlSHE=
  
  whatwg-url@^5.0.0:
    version "5.0.0"
    resolved "https://registry.npmjs.org/whatwg-url/-/whatwg-url-5.0.0.tgz"
    integrity sha1-lmRU6HZUYuN2RNNib2dCzotwll0=
    dependencies:
      tr46 "~0.0.3"
      webidl-conversions "^3.0.0"
